<?xml version="1.0" encoding="UTF-8"?>
<testng-results skipped="0" failed="0" ignored="0" total="2" passed="2">
  <reporter-output>
    <line>
      <![CDATA[Click on forgot password link Forgot your password?]]>
    </line>
    <line>
      <![CDATA[Get password reset message Reset Password]]>
    </line>
    <line>
      <![CDATA[Enter user name Admin]]>
    </line>
    <line>
      <![CDATA[Enter password admin123]]>
    </line>
    <line>
      <![CDATA[Click on login button Login]]>
    </line>
    <line>
      <![CDATA[Get header title of dashboard Dashboard]]>
    </line>
  </reporter-output>
  <suite name="testsuite" duration-ms="36695" started-at="2022-12-11T21:39:44 GMT" finished-at="2022-12-11T21:40:21 GMT">
    <groups>
      <group name="regression">
        <method signature="ForgotPasswordTest.userShouldNavigateToForgotPasswordPageSuccessfully()[pri:0, instance:com.orangehrmlive.opensourcedemo.testsuite.ForgotPasswordTest@401e7803]" name="userShouldNavigateToForgotPasswordPageSuccessfully" class="com.orangehrmlive.opensourcedemo.testsuite.ForgotPasswordTest"/>
        <method signature="LoginPageTest.userShouldLoginSuccessfullyWithValidCredentials()[pri:0, instance:com.orangehrmlive.opensourcedemo.testsuite.LoginPageTest@103f852]" name="userShouldLoginSuccessfullyWithValidCredentials" class="com.orangehrmlive.opensourcedemo.testsuite.LoginPageTest"/>
      </group> <!-- regression -->
      <group name="smkoke">
        <method signature="LoginPageTest.userShouldLoginSuccessfullyWithValidCredentials()[pri:0, instance:com.orangehrmlive.opensourcedemo.testsuite.LoginPageTest@103f852]" name="userShouldLoginSuccessfullyWithValidCredentials" class="com.orangehrmlive.opensourcedemo.testsuite.LoginPageTest"/>
      </group> <!-- smkoke -->
      <group name="sanity">
        <method signature="ForgotPasswordTest.userShouldNavigateToForgotPasswordPageSuccessfully()[pri:0, instance:com.orangehrmlive.opensourcedemo.testsuite.ForgotPasswordTest@401e7803]" name="userShouldNavigateToForgotPasswordPageSuccessfully" class="com.orangehrmlive.opensourcedemo.testsuite.ForgotPasswordTest"/>
      </group> <!-- sanity -->
    </groups>
    <test name="Login Test" duration-ms="36695" started-at="2022-12-11T21:39:44 GMT" finished-at="2022-12-11T21:40:21 GMT">
      <class name="com.orangehrmlive.opensourcedemo.testsuite.LoginPageTest">
        <test-method status="PASS" signature="setUp()[pri:0, instance:com.orangehrmlive.opensourcedemo.testsuite.LoginPageTest@103f852]" name="setUp" is-config="true" duration-ms="7089" started-at="2022-12-11T21:40:08 GMT" finished-at="2022-12-11T21:40:16 GMT">
          <reporter-output>
          </reporter-output>
        </test-method> <!-- setUp -->
        <test-method status="PASS" signature="inIt()[pri:0, instance:com.orangehrmlive.opensourcedemo.testsuite.LoginPageTest@103f852]" name="inIt" is-config="true" duration-ms="2" started-at="2022-12-11T21:40:16 GMT" finished-at="2022-12-11T21:40:16 GMT">
          <reporter-output>
          </reporter-output>
        </test-method> <!-- inIt -->
        <test-method status="PASS" signature="userShouldLoginSuccessfullyWithValidCredentials()[pri:0, instance:com.orangehrmlive.opensourcedemo.testsuite.LoginPageTest@103f852]" name="userShouldLoginSuccessfullyWithValidCredentials" duration-ms="3319" started-at="2022-12-11T21:40:16 GMT" finished-at="2022-12-11T21:40:19 GMT">
          <reporter-output>
            <line>
              <![CDATA[Enter user name Admin]]>
            </line>
            <line>
              <![CDATA[Enter password admin123]]>
            </line>
            <line>
              <![CDATA[Click on login button Login]]>
            </line>
            <line>
              <![CDATA[Get header title of dashboard Dashboard]]>
            </line>
          </reporter-output>
        </test-method> <!-- userShouldLoginSuccessfullyWithValidCredentials -->
        <test-method status="PASS" signature="tearDown()[pri:0, instance:com.orangehrmlive.opensourcedemo.testsuite.LoginPageTest@103f852]" name="tearDown" is-config="true" duration-ms="1882" started-at="2022-12-11T21:40:19 GMT" finished-at="2022-12-11T21:40:21 GMT">
          <reporter-output>
          </reporter-output>
        </test-method> <!-- tearDown -->
      </class> <!-- com.orangehrmlive.opensourcedemo.testsuite.LoginPageTest -->
      <class name="com.orangehrmlive.opensourcedemo.testsuite.ForgotPasswordTest">
        <test-method status="PASS" signature="setUp()[pri:0, instance:com.orangehrmlive.opensourcedemo.testsuite.ForgotPasswordTest@401e7803]" name="setUp" is-config="true" duration-ms="18610" started-at="2022-12-11T21:39:46 GMT" finished-at="2022-12-11T21:40:04 GMT">
          <reporter-output>
          </reporter-output>
        </test-method> <!-- setUp -->
        <test-method status="PASS" signature="inIt()[pri:0, instance:com.orangehrmlive.opensourcedemo.testsuite.ForgotPasswordTest@401e7803]" name="inIt" is-config="true" duration-ms="113" started-at="2022-12-11T21:40:04 GMT" finished-at="2022-12-11T21:40:04 GMT">
          <reporter-output>
          </reporter-output>
        </test-method> <!-- inIt -->
        <test-method status="PASS" signature="userShouldNavigateToForgotPasswordPageSuccessfully()[pri:0, instance:com.orangehrmlive.opensourcedemo.testsuite.ForgotPasswordTest@401e7803]" name="userShouldNavigateToForgotPasswordPageSuccessfully" duration-ms="1802" started-at="2022-12-11T21:40:04 GMT" finished-at="2022-12-11T21:40:06 GMT">
          <reporter-output>
            <line>
              <![CDATA[Click on forgot password link Forgot your password?]]>
            </line>
            <line>
              <![CDATA[Get password reset message Reset Password]]>
            </line>
          </reporter-output>
        </test-method> <!-- userShouldNavigateToForgotPasswordPageSuccessfully -->
        <test-method status="PASS" signature="tearDown()[pri:0, instance:com.orangehrmlive.opensourcedemo.testsuite.ForgotPasswordTest@401e7803]" name="tearDown" is-config="true" duration-ms="2394" started-at="2022-12-11T21:40:06 GMT" finished-at="2022-12-11T21:40:08 GMT">
          <reporter-output>
          </reporter-output>
        </test-method> <!-- tearDown -->
      </class> <!-- com.orangehrmlive.opensourcedemo.testsuite.ForgotPasswordTest -->
    </test> <!-- Login Test -->
  </suite> <!-- testsuite -->
</testng-results>
